<?xml version="1.0" encoding="UTF-8"?>
<!-- Generated by org.testng.reporters.JUnitReportReporter -->
<testsuite hostname="vm-lab21-17-372" failures="0" tests="8" name="testCases.HomePageTestCases" time="76.126" errors="0" timestamp="2024-10-11T07:02:54 UTC" skipped="0">
  <testcase classname="testCases.HomePageTestCases" name="testFirstProduct" time="9.346"/>
  <testcase classname="testCases.HomePageTestCases" name="testSecondProduct" time="9.124"/>
  <testcase classname="testCases.HomePageTestCases" name="testThirdProduct" time="5.680"/>
  <testcase classname="testCases.HomePageTestCases" name="testExploreTabletsPage" time="4.948"/>
  <testcase classname="testCases.HomePageTestCases" name="testExploreSpeakersPage" time="3.970"/>
  <testcase classname="testCases.HomePageTestCases" name="testExploreLaptopsPage" time="2.965"/>
  <testcase classname="testCases.HomePageTestCases" name="testNavbarCoordinates" time="19.620"/>
  <testcase classname="testCases.HomePageTestCases" name="testAddToCart" time="20.473"/>
</testsuite> <!-- testCases.HomePageTestCases -->
