<?xml version="1.0" encoding="UTF-8"?>
<!-- Generated by org.testng.reporters.JUnitReportReporter -->
<testsuite hostname="vm-lab21-17-372" failures="0" tests="4" name="testCases.OurProductsTestCases" time="44.994" errors="0" timestamp="2024-10-11T07:02:54 UTC" skipped="0">
  <testcase classname="testCases.OurProductsTestCases" name="AdvantageAddToCart" time="13.154"/>
  <testcase classname="testCases.OurProductsTestCases" name="AdvantageFilteredProduct" time="11.536"/>
  <testcase classname="testCases.OurProductsTestCases" name="AdvantageHoverAndPrintReview" time="7.747"/>
  <testcase classname="testCases.OurProductsTestCases" name="AdvantagePlayVideoAndVerifyPlayback" time="12.557"/>
</testsuite> <!-- testCases.OurProductsTestCases -->
