<?xml version="1.0" encoding="UTF-8"?>
<!-- Generated by org.testng.reporters.JUnitReportReporter -->
<testsuite hostname="vm-lab21-19-372" failures="0" tests="11" name="RestApi.DummyJsonProducts" time="10.373" errors="0" timestamp="2024-10-07T17:16:42 UTC" skipped="0">
  <testcase classname="RestApi.DummyJsonProducts" name="testFetchSortedProducts" time="0.873"/>
  <system-out/>
  <testcase classname="RestApi.DummyJsonProducts" name="testFetchLimitProducts" time="1.134"/>
  <system-out/>
  <testcase classname="RestApi.DummyJsonProducts" name="testSearchProducts" time="0.729"/>
  <system-out/>
  <testcase classname="RestApi.DummyJsonProducts" name="testUpdateProductTitle" time="0.710"/>
  <system-out/>
  <testcase classname="RestApi.DummyJsonProducts" name="testFetchCategoryList" time="0.703"/>
  <system-out/>
  <testcase classname="RestApi.DummyJsonProducts" name="testAddProduct" time="2.447"/>
  <system-out/>
  <testcase classname="RestApi.DummyJsonProducts" name="testFetchSmartphones" time="0.821"/>
  <system-out/>
  <testcase classname="RestApi.DummyJsonProducts" name="testDeleteProduct" time="0.736"/>
  <system-out/>
  <testcase classname="RestApi.DummyJsonProducts" name="testGetProducts" time="0.815"/>
  <system-out/>
  <testcase classname="RestApi.DummyJsonProducts" name="testGetSingleProduct" time="0.708"/>
  <system-out/>
  <testcase classname="RestApi.DummyJsonProducts" name="testFetchProductCategories" time="0.697"/>
  <system-out/>
</testsuite> <!-- RestApi.DummyJsonProducts -->
