<?xml version="1.0" encoding="UTF-8"?>
<!-- Generated by org.testng.reporters.JUnitReportReporter -->
<testsuite hostname="vm-lab21-17-372" failures="0" tests="4" name="testCases.AboutFooterTestCases" time="19.422" errors="0" timestamp="2024-10-11T07:02:54 UTC" skipped="0">
  <testcase classname="testCases.AboutFooterTestCases" name="testFacebookLink" time="7.744"/>
  <testcase classname="testCases.AboutFooterTestCases" name="testHelpManagementNavigation" time="0.414"/>
  <testcase classname="testCases.AboutFooterTestCases" name="testHelpVersionNavigation" time="4.036"/>
  <testcase classname="testCases.AboutFooterTestCases" name="testHelpAboutNavigation" time="7.228"/>
</testsuite> <!-- testCases.AboutFooterTestCases -->
