<?xml version="1.0" encoding="UTF-8"?>
<!-- Generated by org.testng.reporters.JUnitReportReporter -->
<testsuite hostname="vm-lab21-17-372" failures="0" tests="5" name="testCases.AccountSignInTestCases" time="59.241" errors="0" timestamp="2024-10-11T07:02:54 UTC" skipped="0">
  <testcase classname="testCases.AccountSignInTestCases" name="testUserLinkRedirection" time="3.314"/>
  <testcase classname="testCases.AccountSignInTestCases" name="testloginandlogout" time="14.004"/>
  <testcase classname="testCases.AccountSignInTestCases" name="testCreateNewUserRedirection" time="3.920"/>
  <testcase classname="testCases.AccountSignInTestCases" name="testSignInWithFacebook" time="4.276"/>
  <testcase classname="testCases.AccountSignInTestCases" name="testCreateNewUser" time="33.727"/>
</testsuite> <!-- testCases.AccountSignInTestCases -->
