<?xml version="1.0" encoding="UTF-8"?>
<!-- Generated by org.testng.reporters.JUnitReportReporter -->
<testsuite hostname="vm-lab21-17-372" failures="0" tests="9" name="RestApi.DummyJsonQuotes" time="9.209" errors="0" timestamp="2024-10-09T04:44:29 UTC" skipped="0">
  <testcase classname="RestApi.DummyJsonQuotes" name="testSingleQuoteSchemaValidation" time="0.664"/>
  <testcase classname="RestApi.DummyJsonQuotes" name="testGetRandomQuote" time="0.724"/>
  <testcase classname="RestApi.DummyJsonQuotes" name="testGetSpecificQuote" time="0.713"/>
  <testcase classname="RestApi.DummyJsonQuotes" name="testGetQuotes" time="2.811"/>
  <testcase classname="RestApi.DummyJsonQuotes" name="testLimitAndSkipQuotes" time="0.778"/>
  <testcase classname="RestApi.DummyJsonQuotes" name="testLimitZeroQuotes" time="0.712"/>
  <testcase classname="RestApi.DummyJsonQuotes" name="testGetRandomQuoteWithLength" time="0.718"/>
  <testcase classname="RestApi.DummyJsonQuotes" name="testGetSingleQuote" time="0.733"/>
  <testcase classname="RestApi.DummyJsonQuotes" name="testQuoteSchemaValidation" time="1.356"/>
</testsuite> <!-- RestApi.DummyJsonQuotes -->
