<?xml version="1.0" encoding="UTF-8"?>
<!-- Generated by org.testng.reporters.JUnitReportReporter -->
<testsuite hostname="vm-lab21-17-372" failures="0" tests="4" name="testCases.ContactSearchTestCases" time="51.576" errors="0" timestamp="2024-10-11T07:02:54 UTC" skipped="0">
  <testcase classname="testCases.ContactSearchTestCases" name="IconsCheck" time="8.232"/>
  <testcase classname="testCases.ContactSearchTestCases" name="ContactUsCheck" time="19.325"/>
  <testcase classname="testCases.ContactSearchTestCases" name="SearchDefect" time="4.977"/>
  <testcase classname="testCases.ContactSearchTestCases" name="SearchCheck" time="19.042"/>
</testsuite> <!-- testCases.ContactSearchTestCases -->
